<?xml version="1.0" encoding="UTF-8"?>
<!-- Generated by org.testng.reporters.JUnitXMLReporter -->
<testsuite hostname="VIVEK" name="Test" tests="5" failures="0" timestamp="19 Sep 2021 12:24:56 GMT" time="85.232" errors="0">
  <testcase name="logInData" time="42.125" classname="abc.Academic"/>
  <testcase name="academicDetails" time="7.396" classname="abc.Academic"/>
  <testcase name="syllobus" time="14.793" classname="abc.Academic"/>
  <testcase name="sendExMark" time="7.124" classname="abc.Academic"/>
  <testcase name="enterMark" time="7.071" classname="abc.Academic"/>
</testsuite> <!-- Test -->
