<?xml version="1.0" encoding="UTF-8"?>
<testng-results skipped="0" failed="1" ignored="0" total="5" passed="4">
  <reporter-output>
  </reporter-output>
  <suite name="Suite" duration-ms="108208" started-at="2021-09-21T02:59:46Z" finished-at="2021-09-21T03:01:34Z">
    <groups>
    </groups>
    <test name="Test" duration-ms="108208" started-at="2021-09-21T02:59:46Z" finished-at="2021-09-21T03:01:34Z">
      <class name="abc.Academic">
        <test-method status="PASS" signature="launchBroser()[pri:0, instance:abc.Academic@3b81a1bc]" name="launchBroser" is-config="true" duration-ms="6113" started-at="2021-09-21T02:59:39Z" finished-at="2021-09-21T02:59:46Z">
          <reporter-output>
          </reporter-output>
        </test-method> <!-- launchBroser -->
        <test-method status="PASS" signature="browserDetail()[pri:0, instance:abc.Academic@3b81a1bc]" name="browserDetail" is-config="true" duration-ms="10680" started-at="2021-09-21T02:59:46Z" finished-at="2021-09-21T02:59:56Z">
          <reporter-output>
          </reporter-output>
        </test-method> <!-- browserDetail -->
        <test-method status="PASS" signature="logInData()[pri:0, instance:abc.Academic@3b81a1bc]" name="logInData" duration-ms="58891" started-at="2021-09-21T02:59:56Z" finished-at="2021-09-21T03:00:55Z">
          <reporter-output>
          </reporter-output>
        </test-method> <!-- logInData -->
        <test-method status="PASS" signature="academicDetails()[pri:1, instance:abc.Academic@3b81a1bc]" name="academicDetails" duration-ms="12068" started-at="2021-09-21T03:00:55Z" finished-at="2021-09-21T03:01:07Z">
          <reporter-output>
          </reporter-output>
        </test-method> <!-- academicDetails -->
        <test-method status="PASS" signature="syllobus()[pri:2, instance:abc.Academic@3b81a1bc]" name="syllobus" duration-ms="17051" started-at="2021-09-21T03:01:07Z" finished-at="2021-09-21T03:01:24Z">
          <reporter-output>
          </reporter-output>
        </test-method> <!-- syllobus -->
        <test-method status="FAIL" signature="sendExMark()[pri:3, instance:abc.Academic@3b81a1bc]" name="sendExMark" duration-ms="1209" started-at="2021-09-21T03:01:24Z" finished-at="2021-09-21T03:01:26Z">
          <exception class="org.openqa.selenium.ElementClickInterceptedException">
            <message>
              <![CDATA[element click intercepted: Element <a ui-sref="sendexammarks" class="btn btn-primary" href="#/sendexammarks">...</a> is not clickable at point (652, 76). Other element would receive the click: <div id="siteloader" style="position: fixed; width: 100%; height: 100%; top: 0px; left: 0px; z-index: 999; background-color: rgb(199, 230, 247); opacity: 0.403142;">...</div>
  (Session info: chrome=93.0.4577.82)
Build info: version: '3.141.59', revision: 'e82be7d358', time: '2018-11-14T08:17:03'
System info: host: 'VIVEK', ip: '192.168.43.11', os.name: 'Windows 10', os.arch: 'amd64', os.version: '10.0', java.version: '1.8.0_301'
Driver info: org.openqa.selenium.chrome.ChromeDriver
Capabilities {acceptInsecureCerts: false, browserName: chrome, browserVersion: 93.0.4577.82, chrome: {chromedriverVersion: 92.0.4515.107 (87a818b10553..., userDataDir: C:\Users\ADMIN\AppData\Loca...}, goog:chromeOptions: {debuggerAddress: localhost:58553}, javascriptEnabled: true, networkConnectionEnabled: false, pageLoadStrategy: normal, platform: WINDOWS, platformName: WINDOWS, proxy: Proxy(), setWindowRect: true, strictFileInteractability: false, timeouts: {implicit: 0, pageLoad: 300000, script: 30000}, unhandledPromptBehavior: dismiss and notify, webauthn:extension:credBlob: true, webauthn:extension:largeBlob: true, webauthn:virtualAuthenticators: true}
Session ID: 16cecad398b436adc7a05357bd1da983]]>
            </message>
            <full-stacktrace>
              <![CDATA[org.openqa.selenium.ElementClickInterceptedException: element click intercepted: Element <a ui-sref="sendexammarks" class="btn btn-primary" href="#/sendexammarks">...</a> is not clickable at point (652, 76). Other element would receive the click: <div id="siteloader" style="position: fixed; width: 100%; height: 100%; top: 0px; left: 0px; z-index: 999; background-color: rgb(199, 230, 247); opacity: 0.403142;">...</div>
  (Session info: chrome=93.0.4577.82)
Build info: version: '3.141.59', revision: 'e82be7d358', time: '2018-11-14T08:17:03'
System info: host: 'VIVEK', ip: '192.168.43.11', os.name: 'Windows 10', os.arch: 'amd64', os.version: '10.0', java.version: '1.8.0_301'
Driver info: org.openqa.selenium.chrome.ChromeDriver
Capabilities {acceptInsecureCerts: false, browserName: chrome, browserVersion: 93.0.4577.82, chrome: {chromedriverVersion: 92.0.4515.107 (87a818b10553..., userDataDir: C:\Users\ADMIN\AppData\Loca...}, goog:chromeOptions: {debuggerAddress: localhost:58553}, javascriptEnabled: true, networkConnectionEnabled: false, pageLoadStrategy: normal, platform: WINDOWS, platformName: WINDOWS, proxy: Proxy(), setWindowRect: true, strictFileInteractability: false, timeouts: {implicit: 0, pageLoad: 300000, script: 30000}, unhandledPromptBehavior: dismiss and notify, webauthn:extension:credBlob: true, webauthn:extension:largeBlob: true, webauthn:virtualAuthenticators: true}
Session ID: 16cecad398b436adc7a05357bd1da983
at sun.reflect.NativeConstructorAccessorImpl.newInstance0(Native Method)
at sun.reflect.NativeConstructorAccessorImpl.newInstance(Unknown Source)
at sun.reflect.DelegatingConstructorAccessorImpl.newInstance(Unknown Source)
at java.lang.reflect.Constructor.newInstance(Unknown Source)
at org.openqa.selenium.remote.http.W3CHttpResponseCodec.createException(W3CHttpResponseCodec.java:187)
at org.openqa.selenium.remote.http.W3CHttpResponseCodec.decode(W3CHttpResponseCodec.java:122)
at org.openqa.selenium.remote.http.W3CHttpResponseCodec.decode(W3CHttpResponseCodec.java:49)
at org.openqa.selenium.remote.HttpCommandExecutor.execute(HttpCommandExecutor.java:158)
at org.openqa.selenium.remote.service.DriverCommandExecutor.execute(DriverCommandExecutor.java:83)
at org.openqa.selenium.remote.RemoteWebDriver.execute(RemoteWebDriver.java:552)
at org.openqa.selenium.remote.RemoteWebElement.execute(RemoteWebElement.java:285)
at org.openqa.selenium.remote.RemoteWebElement.click(RemoteWebElement.java:84)
at abc.Academic.sendExMark(Academic.java:63)
at sun.reflect.NativeMethodAccessorImpl.invoke0(Native Method)
at sun.reflect.NativeMethodAccessorImpl.invoke(Unknown Source)
at sun.reflect.DelegatingMethodAccessorImpl.invoke(Unknown Source)
at java.lang.reflect.Method.invoke(Unknown Source)
at org.testng.internal.MethodInvocationHelper.invokeMethod(MethodInvocationHelper.java:124)
at org.testng.internal.Invoker.invokeMethod(Invoker.java:583)
at org.testng.internal.Invoker.invokeTestMethod(Invoker.java:719)
at org.testng.internal.Invoker.invokeTestMethods(Invoker.java:989)
at org.testng.internal.TestMethodWorker.invokeTestMethods(TestMethodWorker.java:125)
at org.testng.internal.TestMethodWorker.run(TestMethodWorker.java:109)
at org.testng.TestRunner.privateRun(TestRunner.java:648)
at org.testng.TestRunner.run(TestRunner.java:505)
at org.testng.SuiteRunner.runTest(SuiteRunner.java:455)
at org.testng.SuiteRunner.runSequentially(SuiteRunner.java:450)
at org.testng.SuiteRunner.privateRun(SuiteRunner.java:415)
at org.testng.SuiteRunner.run(SuiteRunner.java:364)
at org.testng.SuiteRunnerWorker.runSuite(SuiteRunnerWorker.java:52)
at org.testng.SuiteRunnerWorker.run(SuiteRunnerWorker.java:84)
at org.testng.TestNG.runSuitesSequentially(TestNG.java:1208)
at org.testng.TestNG.runSuitesLocally(TestNG.java:1137)
at org.testng.TestNG.runSuites(TestNG.java:1049)
at org.testng.TestNG.run(TestNG.java:1017)
at org.apache.maven.surefire.testng.TestNGExecutor.run(TestNGExecutor.java:283)
at org.apache.maven.surefire.testng.TestNGXmlTestSuite.execute(TestNGXmlTestSuite.java:75)
at org.apache.maven.surefire.testng.TestNGProvider.invoke(TestNGProvider.java:120)
at org.apache.maven.surefire.booter.ForkedBooter.invokeProviderInSameClassLoader(ForkedBooter.java:384)
at org.apache.maven.surefire.booter.ForkedBooter.runSuitesInProcess(ForkedBooter.java:345)
at org.apache.maven.surefire.booter.ForkedBooter.execute(ForkedBooter.java:126)
at org.apache.maven.surefire.booter.ForkedBooter.main(ForkedBooter.java:418)
]]>
            </full-stacktrace>
          </exception> <!-- org.openqa.selenium.ElementClickInterceptedException -->
          <reporter-output>
          </reporter-output>
        </test-method> <!-- sendExMark -->
        <test-method status="PASS" signature="enterMark()[pri:4, instance:abc.Academic@3b81a1bc]" name="enterMark" duration-ms="8252" started-at="2021-09-21T03:01:26Z" finished-at="2021-09-21T03:01:34Z">
          <reporter-output>
          </reporter-output>
        </test-method> <!-- enterMark -->
      </class> <!-- abc.Academic -->
    </test> <!-- Test -->
  </suite> <!-- Suite -->
</testng-results>
