<?xml version="1.0" encoding="UTF-8"?>
<testsuite xmlns:xsi="http://www.w3.org/2001/XMLSchema-instance" xsi:noNamespaceSchemaLocation="https://maven.apache.org/surefire/maven-surefire-plugin/xsd/surefire-test-report.xsd" name="TestSuite" time="116.196" tests="5" errors="0" skipped="0" failures="1">
  <properties>
[...]
</properties>
  <testcase name="logInData" classname="abc.Academic" time="58.891"/>
  <testcase name="academicDetails" classname="abc.Academic" time="12.066"/>
  <testcase name="syllobus" classname="abc.Academic" time="17.051"/>
  <testcase name="sendExMark" classname="abc.Academic" time="1.219">
    <failure message="element click intercepted: Element &lt;a ui-sref=&quot;sendexammarks&quot; class=&quot;btn btn-primary&quot; href=&quot;#/sendexammarks&quot;&gt;...&lt;/a&gt; is not clickable at point (652, 76). Other element would receive the click: &lt;div id=&quot;siteloader&quot; style=&quot;position: fixed; width: 100%; height: 100%; top: 0px; left: 0px; z-index: 999; background-color: rgb(199, 230, 247); opacity: 0.403142;&quot;&gt;...&lt;/div&gt;&#10;  (Session info: chrome=93.0.4577.82)&#10;Build info: version: &apos;3.141.59&apos;, revision: &apos;e82be7d358&apos;, time: &apos;2018-11-14T08:17:03&apos;&#10;System info: host: &apos;VIVEK&apos;, ip: &apos;192.168.43.11&apos;, os.name: &apos;Windows 10&apos;, os.arch: &apos;amd64&apos;, os.version: &apos;10.0&apos;, java.version: &apos;1.8.0_301&apos;&#10;Driver info: org.openqa.selenium.chrome.ChromeDriver&#10;Capabilities {acceptInsecureCerts: false, browserName: chrome, browserVersion: 93.0.4577.82, chrome: {chromedriverVersion: 92.0.4515.107 (87a818b10553..., userDataDir: C:\Users\ADMIN\AppData\Loca...}, goog:chromeOptions: {debuggerAddress: localhost:58553}, javascriptEnabled: true, networkConnectionEnabled: false, pageLoadStrategy: normal, platform: WINDOWS, platformName: WINDOWS, proxy: Proxy(), setWindowRect: true, strictFileInteractability: false, timeouts: {implicit: 0, pageLoad: 300000, script: 30000}, unhandledPromptBehavior: dismiss and notify, webauthn:extension:credBlob: true, webauthn:extension:largeBlob: true, webauthn:virtualAuthenticators: true}&#10;Session ID: 16cecad398b436adc7a05357bd1da983" type="org.openqa.selenium.ElementClickInterceptedException"><![CDATA[org.openqa.selenium.ElementClickInterceptedException: 
element click intercepted: Element <a ui-sref="sendexammarks" class="btn btn-primary" href="#/sendexammarks">...</a> is not clickable at point (652, 76). Other element would receive the click: <div id="siteloader" style="position: fixed; width: 100%; height: 100%; top: 0px; left: 0px; z-index: 999; background-color: rgb(199, 230, 247); opacity: 0.403142;">...</div>
  (Session info: chrome=93.0.4577.82)
Build info: version: '3.141.59', revision: 'e82be7d358', time: '2018-11-14T08:17:03'
System info: host: 'VIVEK', ip: '192.168.43.11', os.name: 'Windows 10', os.arch: 'amd64', os.version: '10.0', java.version: '1.8.0_301'
Driver info: org.openqa.selenium.chrome.ChromeDriver
Capabilities {acceptInsecureCerts: false, browserName: chrome, browserVersion: 93.0.4577.82, chrome: {chromedriverVersion: 92.0.4515.107 (87a818b10553..., userDataDir: C:\Users\ADMIN\AppData\Loca...}, goog:chromeOptions: {debuggerAddress: localhost:58553}, javascriptEnabled: true, networkConnectionEnabled: false, pageLoadStrategy: normal, platform: WINDOWS, platformName: WINDOWS, proxy: Proxy(), setWindowRect: true, strictFileInteractability: false, timeouts: {implicit: 0, pageLoad: 300000, script: 30000}, unhandledPromptBehavior: dismiss and notify, webauthn:extension:credBlob: true, webauthn:extension:largeBlob: true, webauthn:virtualAuthenticators: true}
Session ID: 16cecad398b436adc7a05357bd1da983
	at abc.Academic.sendExMark(Academic.java:63)
]]></failure>
  </testcase>
  <testcase name="enterMark" classname="abc.Academic" time="8.251"/>
</testsuite>