<?xml version="1.0" encoding="UTF-8"?>
<testng-results skipped="0" failed="0" total="1" passed="1">
  <reporter-output>
  </reporter-output>
  <suite name="Default suite" duration-ms="12929" started-at="2021-09-23T02:05:44Z" finished-at="2021-09-23T02:05:57Z">
    <groups>
    </groups>
    <test name="Default test" duration-ms="12929" started-at="2021-09-23T02:05:44Z" finished-at="2021-09-23T02:05:57Z">
      <class name="abc.AbcTest">
        <test-method status="PASS" signature="launchBrowser()[pri:0, instance:abc.AbcTest@68be2bc2]" name="launchBrowser" duration-ms="12898" started-at="2021-09-23T07:35:44Z" finished-at="2021-09-23T07:35:57Z">
          <reporter-output>
          </reporter-output>
        </test-method> <!-- launchBrowser -->
      </class> <!-- abc.AbcTest -->
    </test> <!-- Default test -->
  </suite> <!-- Default suite -->
</testng-results>
